ui/map/build/intermediates/manifest_merge_blame_file/release/manifest-merger-blame-release-report.txt
1<?xml version="1.0" encoding="utf-8"?>
2<!--
3  ~ Copyright 2020 Google LLC.
4  ~
5  ~ Licensed under the Apache License, Version 2.0 (the "License");
6  ~ you may not use this file except in compliance with the License.
7  ~ You may obtain a copy of the License at
8  ~
9  ~     http://www.apache.org/licenses/LICENSE-2.0
10  ~
11  ~ Unless required by applicable law or agreed to in writing, software
12  ~ distributed under the License is distributed on an "AS IS" BASIS,
13  ~ WITHOUT WARRANTIES OR CONDITIONS OF ANY KIND, either express or implied.
14  ~ See the License for the specific language governing permissions and
15  ~ limitations under the License.
16  ~
17-->
18<manifest xmlns:android="http://schemas.android.com/apk/res/android"
19    package="app.regate.map" >
20
21    <uses-sdk android:minSdkVersion="23" />
21-->src\main\AndroidManifest.xml
22
23    <application android:theme="@style/AppTheme" >
23-->src\main\AndroidManifest.xml:21:5-30:19
23-->src\main\AndroidManifest.xml:22:9-40
24        <activity
24-->src\main\AndroidManifest.xml:25:9-28:15
25            android:name="app.regate.map.MapActivity"
25-->src\main\AndroidManifest.xml:25:19-46
26            android:label="@string/map_title"
26-->src\main\AndroidManifest.xml:26:13-46
27            android:theme="@style/AppTheme" />
27-->src\main\AndroidManifest.xml:27:13-44
28    </application>
29
30</manifest>